<?xml version="1.0" encoding="UTF-8"?>
<!-- Generated by org.testng.reporters.JUnitReportReporter -->
<testsuite hostname="HemavathiRajiv" failures="0" tests="1" name="cucumberOptions.TestNGRunner" time="6.237" errors="0" timestamp="2025-07-11T21:49:36 BST" skipped="0">
  <testcase classname="cucumberOptions.TestNGRunner" name="runScenario" time="6.237"/>
</testsuite> <!-- cucumberOptions.TestNGRunner -->
